0 info it worked if it ends with ok
1 verbose cli [ 'C:\\Program Files\\nodejs\\node.exe',
1 verbose cli   'C:\\Users\\Mark\\AppData\\Roaming\\npm\\node_modules\\npm\\bin\\npm-cli.js',
1 verbose cli   'run',
1 verbose cli   'prod' ]
2 info using npm@3.10.6
3 info using node@v6.3.0
4 verbose run-script [ 'preprod', 'prod', 'postprod' ]
5 info lifecycle mark-react@1.0.0~preprod: mark-react@1.0.0
6 silly lifecycle mark-react@1.0.0~preprod: no script for preprod, continuing
7 info lifecycle mark-react@1.0.0~prod: mark-react@1.0.0
8 verbose lifecycle mark-react@1.0.0~prod: unsafe-perm in lifecycle true
9 verbose lifecycle mark-react@1.0.0~prod: PATH: C:\Users\Mark\AppData\Roaming\npm\node_modules\npm\bin\node-gyp-bin;C:\Users\Mark\Documents\Code\mark-react\node_modules\.bin;C:\Program Files\ConEmu\ConEmu\Scripts;C:\Program Files\ConEmu;C:\Program Files\ConEmu\ConEmu;C:\WINDOWS\system32;C:\WINDOWS;C:\WINDOWS\System32\Wbem;C:\WINDOWS\System32\WindowsPowerShell\v1.0\;C:\Program Files (x86)\NVIDIA Corporation\PhysX\Common;C:\WINDOWS\system32;C:\WINDOWS;C:\WINDOWS\System32\Wbem;C:\WINDOWS\System32\WindowsPowerShell\v1.0\;C:\Program Files\nodejs\;C:\Program Files\Git\cmd;C:\Users\Mark\vim\vim74;C:\Users\Mark\emacs\bin;C:\Ruby23-x64\bin;C:\Ruby193\bin;C:\wamp\bin\php\php5.5.12;C:\Program Files\Java\jdk1.8.0_91\bin;C:\Users\Mark\AppData\Roaming\npm;C:\Users\Mark\AppData\Local\Microsoft\WindowsApps;C:\Users\Mark\AppData\Local\atom\bin;C:\Program Files (x86)\AVG\Av
10 verbose lifecycle mark-react@1.0.0~prod: CWD: C:\Users\Mark\Documents\Code\mark-react
11 silly lifecycle mark-react@1.0.0~prod: Args: [ '/d /s /c', 'NODE_ENV=production webpack' ]
12 silly lifecycle mark-react@1.0.0~prod: Returned: code: 1  signal: null
13 info lifecycle mark-react@1.0.0~prod: Failed to exec prod script
14 verbose stack Error: mark-react@1.0.0 prod: `NODE_ENV=production webpack`
14 verbose stack Exit status 1
14 verbose stack     at EventEmitter.<anonymous> (C:\Users\Mark\AppData\Roaming\npm\node_modules\npm\lib\utils\lifecycle.js:255:16)
14 verbose stack     at emitTwo (events.js:106:13)
14 verbose stack     at EventEmitter.emit (events.js:191:7)
14 verbose stack     at ChildProcess.<anonymous> (C:\Users\Mark\AppData\Roaming\npm\node_modules\npm\lib\utils\spawn.js:40:14)
14 verbose stack     at emitTwo (events.js:106:13)
14 verbose stack     at ChildProcess.emit (events.js:191:7)
14 verbose stack     at maybeClose (internal/child_process.js:852:16)
14 verbose stack     at Process.ChildProcess._handle.onexit (internal/child_process.js:215:5)
15 verbose pkgid mark-react@1.0.0
16 verbose cwd C:\Users\Mark\Documents\Code\mark-react
17 error Windows_NT 10.0.14393
18 error argv "C:\\Program Files\\nodejs\\node.exe" "C:\\Users\\Mark\\AppData\\Roaming\\npm\\node_modules\\npm\\bin\\npm-cli.js" "run" "prod"
19 error node v6.3.0
20 error npm  v3.10.6
21 error code ELIFECYCLE
22 error mark-react@1.0.0 prod: `NODE_ENV=production webpack`
22 error Exit status 1
23 error Failed at the mark-react@1.0.0 prod script 'NODE_ENV=production webpack'.
23 error Make sure you have the latest version of node.js and npm installed.
23 error If you do, this is most likely a problem with the mark-react package,
23 error not with npm itself.
23 error Tell the author that this fails on your system:
23 error     NODE_ENV=production webpack
23 error You can get information on how to open an issue for this project with:
23 error     npm bugs mark-react
23 error Or if that isn't available, you can get their info via:
23 error     npm owner ls mark-react
23 error There is likely additional logging output above.
24 verbose exit [ 1, true ]
